{
  "stats": {
    "suites": 1,
    "tests": 3,
    "passes": 3,
    "pending": 0,
    "failures": 0,
    "start": "2024-07-03T14:17:16.422Z",
    "end": "2024-07-03T14:17:18.558Z",
    "duration": 2136,
    "testsRegistered": 3,
    "passPercent": 100,
    "pendingPercent": 0,
    "other": 0,
    "hasOther": false,
    "skipped": 0,
    "hasSkipped": false
  },
  "results": [
    {
      "uuid": "10b2920b-ae1f-41e5-94a2-7393ffa4997d",
      "title": "",
      "fullFile": "cypress/e2e/app.cy.js",
      "file": "cypress/e2e/app.cy.js",
      "beforeHooks": [],
      "afterHooks": [],
      "tests": [],
      "suites": [
        {
          "uuid": "fcb9031e-d55a-449a-9234-f7a5780b6864",
          "title": "template spec",
          "fullFile": "",
          "file": "",
          "beforeHooks": [],
          "afterHooks": [],
          "tests": [
            {
              "title": "test home page ",
              "fullTitle": "template spec test home page ",
              "timedOut": null,
              "duration": 1189,
              "state": "passed",
              "speed": "fast",
              "pass": true,
              "fail": false,
              "pending": false,
              "context": null,
              "code": "cy.get(\"h1\").should(\"contain\", \"Produits\");\ncy.contains(\"Produits\");\ncy.get(\"section\").should(\"have.length\", 3);\ncy.get(\"section h2\").first().should(\"contain\", \"Récemment Ajoutés\");\ncy.get(\"section h2\").eq(0).should(\"contain\", \"Récemment Ajoutés\");\ncy.get(\"section h2\").eq(1).should(\"contain\", \"Plus Consultés\");\ncy.get(\"section h2\").eq(2).should(\"contain\", \"Dernièrement Consultés\");",
              "err": {},
              "uuid": "bd3c65fe-7f06-4eea-bd2c-9d56b0fbef5c",
              "parentUUID": "fcb9031e-d55a-449a-9234-f7a5780b6864",
              "isHook": false,
              "skipped": false
            },
            {
              "title": "clicked element & increment vues",
              "fullTitle": "template spec clicked element & increment vues",
              "timedOut": null,
              "duration": 132,
              "state": "passed",
              "speed": "fast",
              "pass": true,
              "fail": false,
              "pending": false,
              "context": null,
              "code": "cy.get(\".product-image\").first().click();\ncy.get(\".product-details .views-count\").should(\"contain\", 61);",
              "err": {},
              "uuid": "0353d2f4-5e12-44ca-88bc-5f97d6ee8082",
              "parentUUID": "fcb9031e-d55a-449a-9234-f7a5780b6864",
              "isHook": false,
              "skipped": false
            },
            {
              "title": "check hover card product",
              "fullTitle": "template spec check hover card product",
              "timedOut": null,
              "duration": 60,
              "state": "passed",
              "speed": "fast",
              "pass": true,
              "fail": false,
              "pending": false,
              "context": null,
              "code": "cy.get(\".product-card\").first().trigger(\"mouseover\").should(\"have.css\", \"transform\", \"none\");",
              "err": {},
              "uuid": "a363f4d7-0eef-4c16-a77f-5385b619bb1b",
              "parentUUID": "fcb9031e-d55a-449a-9234-f7a5780b6864",
              "isHook": false,
              "skipped": false
            }
          ],
          "suites": [],
          "passes": [
            "bd3c65fe-7f06-4eea-bd2c-9d56b0fbef5c",
            "0353d2f4-5e12-44ca-88bc-5f97d6ee8082",
            "a363f4d7-0eef-4c16-a77f-5385b619bb1b"
          ],
          "failures": [],
          "pending": [],
          "skipped": [],
          "duration": 1381,
          "root": false,
          "rootEmpty": false,
          "_timeout": 2000
        }
      ],
      "passes": [],
      "failures": [],
      "pending": [],
      "skipped": [],
      "duration": 0,
      "root": true,
      "rootEmpty": true,
      "_timeout": 2000
    }
  ],
  "meta": {
    "mocha": {
      "version": "7.0.1"
    },
    "mochawesome": {
      "options": {
        "quiet": false,
        "reportFilename": "mochawesome",
        "saveHtml": true,
        "saveJson": true,
        "consoleReporter": "spec",
        "useInlineDiffs": false,
        "code": true
      },
      "version": "7.1.3"
    },
    "marge": {
      "options": {
        "id": "default",
        "reportDir": "cypress/reports",
        "overwrite": true,
        "html": true,
        "json": true,
        "embeddedScreenshots": true,
        "inlineAssets": true
      },
      "version": "6.2.0"
    }
  }
}